[2019-06-09 03:52:35] [info]  [ 6204] Commons Daemon procrun (1.0.15.0 64-bit) started
[2019-06-09 03:52:36] [info]  [ 6204] Running 'elasticsearch-service-x64' Service...
[2019-06-09 03:52:36] [info]  [ 3600] Starting service...
[2019-06-09 03:52:38] [info]  [ 3600] Service started in 1593 ms.
[2019-06-09 04:07:42] [info]  [ 5692] Stopping service...
[2019-06-09 04:07:43] [info]  [ 6204] Run service finished.
[2019-06-09 04:07:43] [info]  [ 6204] Commons Daemon procrun finished
[2019-06-09 04:07:44] [info]  [21408] Commons Daemon procrun (1.0.15.0 64-bit) started
[2019-06-09 04:07:45] [info]  [21408] Running 'elasticsearch-service-x64' Service...
[2019-06-09 04:07:45] [info]  [  720] Starting service...
[2019-06-09 04:07:46] [info]  [  720] Service started in 1257 ms.
[2019-06-09 04:58:55] [info]  [ 5376] Stopping service...
[2019-06-09 04:58:55] [info]  [21408] Run service finished.
[2019-06-09 04:58:55] [info]  [21408] Commons Daemon procrun finished
[2019-06-09 04:58:57] [info]  [10212] Commons Daemon procrun (1.0.15.0 64-bit) started
[2019-06-09 04:58:57] [info]  [10212] Running 'elasticsearch-service-x64' Service...
[2019-06-09 04:58:57] [info]  [ 9820] Starting service...
[2019-06-09 04:58:58] [info]  [ 9820] Service started in 1258 ms.
[2019-06-09 13:53:45] [info]  [ 2636] Console SHUTDOWN event signaled
[2019-06-09 13:53:45] [info]  [ 2636] Stopping service...
[2019-06-09 13:53:49] [info]  [ 2636] Service stop thread completed.
[2019-06-09 13:53:49] [info]  [10212] Run service finished.
[2019-06-09 13:53:49] [info]  [10212] Commons Daemon procrun finished
[2019-06-09 19:46:40] [info]  [12656] Commons Daemon procrun (1.0.15.0 64-bit) started
[2019-06-09 19:46:40] [info]  [12656] Running 'elasticsearch-service-x64' Service...
[2019-06-09 19:46:40] [info]  [ 9400] Starting service...
[2019-06-09 19:46:42] [info]  [ 9400] Service started in 1724 ms.
[2019-06-16 17:33:20] [info]  [13212] Console SHUTDOWN event signaled
[2019-06-16 17:33:20] [info]  [13212] Stopping service...
[2019-06-16 17:33:21] [info]  [13212] Service stop thread completed.
[2019-06-16 17:33:21] [info]  [12656] Run service finished.
[2019-06-16 17:33:21] [info]  [12656] Commons Daemon procrun finished
