
2019-06-06 12:47:52 Commons Daemon procrun stdout initialized
[2019-06-06 12:48:13,392][INFO ][node                     ] [node-1] version[2.4.6], pid[18416], build[5376dca/2017-07-18T12:17:44Z]
[2019-06-06 12:48:13,405][INFO ][node                     ] [node-1] initializing ...
[2019-06-06 12:48:18,466][INFO ][plugins                  ] [node-1] modules [reindex, lang-expression, lang-groovy], plugins [], sites []
[2019-06-06 12:48:18,537][INFO ][env                      ] [node-1] using [1] data paths, mounts [[(E:)]], net usable_space [237gb], net total_space [631.2gb], spins? [unknown], types [NTFS]
[2019-06-06 12:48:18,538][INFO ][env                      ] [node-1] heap size [990.7mb], compressed ordinary object pointers [true]
[2019-06-06 12:48:18,626][WARN ][threadpool               ] [node-1] requested thread pool size [8] for [bulk] is too large; setting to maximum [4] instead
[2019-06-06 12:48:26,973][INFO ][node                     ] [node-1] initialized
[2019-06-06 12:48:26,974][INFO ][node                     ] [node-1] starting ...
[2019-06-06 12:48:27,241][INFO ][transport                ] [node-1] publish_address {127.0.0.1:9300}, bound_addresses {127.0.0.1:9300}
[2019-06-06 12:48:27,256][INFO ][discovery                ] [node-1] origin/tRqeW0r4SO-op-MyEKcGKQ
[2019-06-06 12:48:31,326][INFO ][cluster.service          ] [node-1] new_master {node-1}{tRqeW0r4SO-op-MyEKcGKQ}{127.0.0.1}{127.0.0.1:9300}, reason: zen-disco-join(elected_as_master, [0] joins received)
[2019-06-06 12:48:31,371][INFO ][http                     ] [node-1] publish_address {127.0.0.1:9200}, bound_addresses {127.0.0.1:9200}
[2019-06-06 12:48:31,371][INFO ][node                     ] [node-1] started
[2019-06-06 12:48:31,566][INFO ][gateway                  ] [node-1] recovered [1] indices into cluster_state
[2019-06-06 12:48:32,657][INFO ][cluster.routing.allocation] [node-1] Cluster health status changed from [RED] to [GREEN] (reason: [shards started [[data.original][0], [data.original][1]] ...]).
[2019-06-06 12:49:25,427][WARN ][http.netty               ] [node-1] Caught exception while handling client http traffic, closing connection [id: 0xf3edf3b7, /127.0.0.1:3213 => /127.0.0.1:9200]
java.io.IOException: РЈРґР°Р»РµРЅРЅС‹Р№ С…РѕСЃС‚ РїСЂРёРЅСѓРґРёС‚РµР»СЊРЅРѕ СЂР°Р·РѕСЂРІР°Р» СЃСѓС‰РµСЃС‚РІСѓСЋС‰РµРµ РїРѕРґРєР»СЋС‡РµРЅРёРµ
	at java.base/sun.nio.ch.SocketDispatcher.read0(Native Method)
	at java.base/sun.nio.ch.SocketDispatcher.read(SocketDispatcher.java:43)
	at java.base/sun.nio.ch.IOUtil.readIntoNativeBuffer(IOUtil.java:223)
	at java.base/sun.nio.ch.IOUtil.read(IOUtil.java:192)
	at java.base/sun.nio.ch.SocketChannelImpl.read(SocketChannelImpl.java:382)
	at org.jboss.netty.channel.socket.nio.NioWorker.read(NioWorker.java:64)
	at org.jboss.netty.channel.socket.nio.AbstractNioWorker.process(AbstractNioWorker.java:108)
	at org.jboss.netty.channel.socket.nio.AbstractNioSelector.run(AbstractNioSelector.java:337)
	at org.jboss.netty.channel.socket.nio.AbstractNioWorker.run(AbstractNioWorker.java:89)
	at org.jboss.netty.channel.socket.nio.NioWorker.run(NioWorker.java:178)
	at org.jboss.netty.util.ThreadRenamingRunnable.run(ThreadRenamingRunnable.java:108)
	at org.jboss.netty.util.internal.DeadLockProofWorker$1.run(DeadLockProofWorker.java:42)
	at java.base/java.util.concurrent.ThreadPoolExecutor.runWorker(ThreadPoolExecutor.java:1167)
	at java.base/java.util.concurrent.ThreadPoolExecutor$Worker.run(ThreadPoolExecutor.java:641)
	at java.base/java.lang.Thread.run(Thread.java:844)
[2019-06-06 12:49:32,519][INFO ][node                     ] [node-1] stopping ...
[2019-06-06 12:49:32,561][INFO ][node                     ] [node-1] stopped
[2019-06-06 12:49:32,562][INFO ][node                     ] [node-1] closing ...
[2019-06-06 12:49:32,571][INFO ][node                     ] [node-1] closed

2019-06-06 12:49:37 Commons Daemon procrun stdout initialized
[2019-06-06 12:49:40,829][INFO ][node                     ] [node-1] version[2.4.6], pid[17776], build[5376dca/2017-07-18T12:17:44Z]
[2019-06-06 12:49:40,830][INFO ][node                     ] [node-1] initializing ...
[2019-06-06 12:49:41,896][INFO ][plugins                  ] [node-1] modules [reindex, lang-expression, lang-groovy], plugins [], sites []
[2019-06-06 12:49:41,956][INFO ][env                      ] [node-1] using [1] data paths, mounts [[(E:)]], net usable_space [237gb], net total_space [631.2gb], spins? [unknown], types [NTFS]
[2019-06-06 12:49:41,956][INFO ][env                      ] [node-1] heap size [990.7mb], compressed ordinary object pointers [true]
[2019-06-06 12:49:42,069][WARN ][threadpool               ] [node-1] requested thread pool size [8] for [bulk] is too large; setting to maximum [4] instead
[2019-06-06 12:49:47,959][INFO ][node                     ] [node-1] initialized
[2019-06-06 12:49:47,959][INFO ][node                     ] [node-1] starting ...
[2019-06-06 12:49:48,253][INFO ][transport                ] [node-1] publish_address {127.0.0.1:9300}, bound_addresses {127.0.0.1:9300}
[2019-06-06 12:49:48,274][INFO ][discovery                ] [node-1] origin/4JVzAV-LQJ2dwgocyZBGqA
[2019-06-06 12:49:52,451][INFO ][cluster.service          ] [node-1] new_master {node-1}{4JVzAV-LQJ2dwgocyZBGqA}{127.0.0.1}{127.0.0.1:9300}, reason: zen-disco-join(elected_as_master, [0] joins received)
[2019-06-06 12:49:52,615][INFO ][http                     ] [node-1] publish_address {127.0.0.1:9200}, bound_addresses {127.0.0.1:9200}
[2019-06-06 12:49:52,615][INFO ][node                     ] [node-1] started
[2019-06-06 12:49:52,683][INFO ][gateway                  ] [node-1] recovered [0] indices into cluster_state
[2019-06-06 12:51:41,758][INFO ][cluster.metadata         ] [node-1] [data.original] creating index, cause [api], templates [], shards [2]/[0], mappings [factresultitems, normresultitems]
[2019-06-06 12:51:42,884][INFO ][cluster.routing.allocation] [node-1] Cluster health status changed from [RED] to [GREEN] (reason: [shards started [[data.original][0], [data.original][1]] ...]).
[2019-06-06 12:51:43,457][INFO ][cluster.metadata         ] [node-1] [data.original] create_mapping [initfirst]
[2019-06-06 14:18:16,201][WARN ][http.netty               ] [node-1] Caught exception while handling client http traffic, closing connection [id: 0xbb5a1b44, /127.0.0.1:3781 => /127.0.0.1:9200]
java.io.IOException: РЈРґР°Р»РµРЅРЅС‹Р№ С…РѕСЃС‚ РїСЂРёРЅСѓРґРёС‚РµР»СЊРЅРѕ СЂР°Р·РѕСЂРІР°Р» СЃСѓС‰РµСЃС‚РІСѓСЋС‰РµРµ РїРѕРґРєР»СЋС‡РµРЅРёРµ
	at java.base/sun.nio.ch.SocketDispatcher.read0(Native Method)
	at java.base/sun.nio.ch.SocketDispatcher.read(SocketDispatcher.java:43)
	at java.base/sun.nio.ch.IOUtil.readIntoNativeBuffer(IOUtil.java:223)
	at java.base/sun.nio.ch.IOUtil.read(IOUtil.java:192)
	at java.base/sun.nio.ch.SocketChannelImpl.read(SocketChannelImpl.java:382)
	at org.jboss.netty.channel.socket.nio.NioWorker.read(NioWorker.java:64)
	at org.jboss.netty.channel.socket.nio.AbstractNioWorker.process(AbstractNioWorker.java:108)
	at org.jboss.netty.channel.socket.nio.AbstractNioSelector.run(AbstractNioSelector.java:337)
	at org.jboss.netty.channel.socket.nio.AbstractNioWorker.run(AbstractNioWorker.java:89)
	at org.jboss.netty.channel.socket.nio.NioWorker.run(NioWorker.java:178)
	at org.jboss.netty.util.ThreadRenamingRunnable.run(ThreadRenamingRunnable.java:108)
	at org.jboss.netty.util.internal.DeadLockProofWorker$1.run(DeadLockProofWorker.java:42)
	at java.base/java.util.concurrent.ThreadPoolExecutor.runWorker(ThreadPoolExecutor.java:1167)
	at java.base/java.util.concurrent.ThreadPoolExecutor$Worker.run(ThreadPoolExecutor.java:641)
	at java.base/java.lang.Thread.run(Thread.java:844)
[2019-06-06 15:30:44,140][WARN ][http.netty               ] [node-1] Caught exception while handling client http traffic, closing connection [id: 0xb8951573, /127.0.0.1:11986 => /127.0.0.1:9200]
java.io.IOException: РЈРґР°Р»РµРЅРЅС‹Р№ С…РѕСЃС‚ РїСЂРёРЅСѓРґРёС‚РµР»СЊРЅРѕ СЂР°Р·РѕСЂРІР°Р» СЃСѓС‰РµСЃС‚РІСѓСЋС‰РµРµ РїРѕРґРєР»СЋС‡РµРЅРёРµ
	at java.base/sun.nio.ch.SocketDispatcher.read0(Native Method)
	at java.base/sun.nio.ch.SocketDispatcher.read(SocketDispatcher.java:43)
	at java.base/sun.nio.ch.IOUtil.readIntoNativeBuffer(IOUtil.java:223)
	at java.base/sun.nio.ch.IOUtil.read(IOUtil.java:192)
	at java.base/sun.nio.ch.SocketChannelImpl.read(SocketChannelImpl.java:382)
	at org.jboss.netty.channel.socket.nio.NioWorker.read(NioWorker.java:64)
	at org.jboss.netty.channel.socket.nio.AbstractNioWorker.process(AbstractNioWorker.java:108)
	at org.jboss.netty.channel.socket.nio.AbstractNioSelector.run(AbstractNioSelector.java:337)
	at org.jboss.netty.channel.socket.nio.AbstractNioWorker.run(AbstractNioWorker.java:89)
	at org.jboss.netty.channel.socket.nio.NioWorker.run(NioWorker.java:178)
	at org.jboss.netty.util.ThreadRenamingRunnable.run(ThreadRenamingRunnable.java:108)
	at org.jboss.netty.util.internal.DeadLockProofWorker$1.run(DeadLockProofWorker.java:42)
	at java.base/java.util.concurrent.ThreadPoolExecutor.runWorker(ThreadPoolExecutor.java:1167)
	at java.base/java.util.concurrent.ThreadPoolExecutor$Worker.run(ThreadPoolExecutor.java:641)
	at java.base/java.lang.Thread.run(Thread.java:844)
[2019-06-06 16:51:25,423][WARN ][http.netty               ] [node-1] Caught exception while handling client http traffic, closing connection [id: 0xc894dfa1, /127.0.0.1:12277 => /127.0.0.1:9200]
java.io.IOException: РЈРґР°Р»РµРЅРЅС‹Р№ С…РѕСЃС‚ РїСЂРёРЅСѓРґРёС‚РµР»СЊРЅРѕ СЂР°Р·РѕСЂРІР°Р» СЃСѓС‰РµСЃС‚РІСѓСЋС‰РµРµ РїРѕРґРєР»СЋС‡РµРЅРёРµ
	at java.base/sun.nio.ch.SocketDispatcher.read0(Native Method)
	at java.base/sun.nio.ch.SocketDispatcher.read(SocketDispatcher.java:43)
	at java.base/sun.nio.ch.IOUtil.readIntoNativeBuffer(IOUtil.java:223)
	at java.base/sun.nio.ch.IOUtil.read(IOUtil.java:192)
	at java.base/sun.nio.ch.SocketChannelImpl.read(SocketChannelImpl.java:382)
	at org.jboss.netty.channel.socket.nio.NioWorker.read(NioWorker.java:64)
	at org.jboss.netty.channel.socket.nio.AbstractNioWorker.process(AbstractNioWorker.java:108)
	at org.jboss.netty.channel.socket.nio.AbstractNioSelector.run(AbstractNioSelector.java:337)
	at org.jboss.netty.channel.socket.nio.AbstractNioWorker.run(AbstractNioWorker.java:89)
	at org.jboss.netty.channel.socket.nio.NioWorker.run(NioWorker.java:178)
	at org.jboss.netty.util.ThreadRenamingRunnable.run(ThreadRenamingRunnable.java:108)
	at org.jboss.netty.util.internal.DeadLockProofWorker$1.run(DeadLockProofWorker.java:42)
	at java.base/java.util.concurrent.ThreadPoolExecutor.runWorker(ThreadPoolExecutor.java:1167)
	at java.base/java.util.concurrent.ThreadPoolExecutor$Worker.run(ThreadPoolExecutor.java:641)
	at java.base/java.lang.Thread.run(Thread.java:844)
[2019-06-06 23:55:08,171][INFO ][node                     ] [node-1] stopping ...
[2019-06-06 23:55:09,112][INFO ][node                     ] [node-1] stopped
[2019-06-06 23:55:09,112][INFO ][node                     ] [node-1] closing ...
[2019-06-06 23:55:09,241][INFO ][node                     ] [node-1] closed

2019-06-06 23:55:37 Commons Daemon procrun stdout initialized
[2019-06-06 23:55:51,639][INFO ][node                     ] [node-1] version[2.4.6], pid[14064], build[5376dca/2017-07-18T12:17:44Z]
[2019-06-06 23:55:51,640][INFO ][node                     ] [node-1] initializing ...
[2019-06-06 23:55:56,798][INFO ][plugins                  ] [node-1] modules [reindex, lang-expression, lang-groovy], plugins [], sites []
[2019-06-06 23:55:56,893][INFO ][env                      ] [node-1] using [1] data paths, mounts [[(E:)]], net usable_space [237gb], net total_space [631.2gb], spins? [unknown], types [NTFS]
[2019-06-06 23:55:56,893][INFO ][env                      ] [node-1] heap size [990.7mb], compressed ordinary object pointers [true]
[2019-06-06 23:55:57,145][WARN ][threadpool               ] [node-1] requested thread pool size [8] for [bulk] is too large; setting to maximum [4] instead
[2019-06-06 23:56:08,569][INFO ][node                     ] [node-1] initialized
[2019-06-06 23:56:08,569][INFO ][node                     ] [node-1] starting ...
[2019-06-06 23:56:08,750][INFO ][transport                ] [node-1] publish_address {127.0.0.1:9300}, bound_addresses {127.0.0.1:9300}
[2019-06-06 23:56:08,757][INFO ][discovery                ] [node-1] origin/ByAEcN-TT7mLxC6NCWgyiA
[2019-06-06 23:56:13,066][INFO ][cluster.service          ] [node-1] new_master {node-1}{ByAEcN-TT7mLxC6NCWgyiA}{127.0.0.1}{127.0.0.1:9300}, reason: zen-disco-join(elected_as_master, [0] joins received)
[2019-06-06 23:56:13,179][INFO ][http                     ] [node-1] publish_address {127.0.0.1:9200}, bound_addresses {127.0.0.1:9200}
[2019-06-06 23:56:13,180][INFO ][node                     ] [node-1] started
[2019-06-06 23:56:13,346][INFO ][gateway                  ] [node-1] recovered [1] indices into cluster_state
[2019-06-06 23:56:15,229][INFO ][cluster.routing.allocation] [node-1] Cluster health status changed from [RED] to [GREEN] (reason: [shards started [[data.original][1], [data.original][0]] ...]).
[2019-06-06 23:59:49,472][WARN ][http.netty               ] [node-1] Caught exception while handling client http traffic, closing connection [id: 0xc9102ca5, /127.0.0.1:12571 => /127.0.0.1:9200]
java.io.IOException: РЈРґР°Р»РµРЅРЅС‹Р№ С…РѕСЃС‚ РїСЂРёРЅСѓРґРёС‚РµР»СЊРЅРѕ СЂР°Р·РѕСЂРІР°Р» СЃСѓС‰РµСЃС‚РІСѓСЋС‰РµРµ РїРѕРґРєР»СЋС‡РµРЅРёРµ
	at java.base/sun.nio.ch.SocketDispatcher.read0(Native Method)
	at java.base/sun.nio.ch.SocketDispatcher.read(SocketDispatcher.java:43)
	at java.base/sun.nio.ch.IOUtil.readIntoNativeBuffer(IOUtil.java:223)
	at java.base/sun.nio.ch.IOUtil.read(IOUtil.java:192)
	at java.base/sun.nio.ch.SocketChannelImpl.read(SocketChannelImpl.java:382)
	at org.jboss.netty.channel.socket.nio.NioWorker.read(NioWorker.java:64)
	at org.jboss.netty.channel.socket.nio.AbstractNioWorker.process(AbstractNioWorker.java:108)
	at org.jboss.netty.channel.socket.nio.AbstractNioSelector.run(AbstractNioSelector.java:337)
	at org.jboss.netty.channel.socket.nio.AbstractNioWorker.run(AbstractNioWorker.java:89)
	at org.jboss.netty.channel.socket.nio.NioWorker.run(NioWorker.java:178)
	at org.jboss.netty.util.ThreadRenamingRunnable.run(ThreadRenamingRunnable.java:108)
	at org.jboss.netty.util.internal.DeadLockProofWorker$1.run(DeadLockProofWorker.java:42)
	at java.base/java.util.concurrent.ThreadPoolExecutor.runWorker(ThreadPoolExecutor.java:1167)
	at java.base/java.util.concurrent.ThreadPoolExecutor$Worker.run(ThreadPoolExecutor.java:641)
	at java.base/java.lang.Thread.run(Thread.java:844)
[2019-06-07 01:13:00,634][WARN ][http.netty               ] [node-1] Caught exception while handling client http traffic, closing connection [id: 0x71b79353, /127.0.0.1:4388 => /127.0.0.1:9200]
java.io.IOException: РЈРґР°Р»РµРЅРЅС‹Р№ С…РѕСЃС‚ РїСЂРёРЅСѓРґРёС‚РµР»СЊРЅРѕ СЂР°Р·РѕСЂРІР°Р» СЃСѓС‰РµСЃС‚РІСѓСЋС‰РµРµ РїРѕРґРєР»СЋС‡РµРЅРёРµ
	at java.base/sun.nio.ch.SocketDispatcher.read0(Native Method)
	at java.base/sun.nio.ch.SocketDispatcher.read(SocketDispatcher.java:43)
	at java.base/sun.nio.ch.IOUtil.readIntoNativeBuffer(IOUtil.java:223)
	at java.base/sun.nio.ch.IOUtil.read(IOUtil.java:192)
	at java.base/sun.nio.ch.SocketChannelImpl.read(SocketChannelImpl.java:382)
	at org.jboss.netty.channel.socket.nio.NioWorker.read(NioWorker.java:64)
	at org.jboss.netty.channel.socket.nio.AbstractNioWorker.process(AbstractNioWorker.java:108)
	at org.jboss.netty.channel.socket.nio.AbstractNioSelector.run(AbstractNioSelector.java:337)
	at org.jboss.netty.channel.socket.nio.AbstractNioWorker.run(AbstractNioWorker.java:89)
	at org.jboss.netty.channel.socket.nio.NioWorker.run(NioWorker.java:178)
	at org.jboss.netty.util.ThreadRenamingRunnable.run(ThreadRenamingRunnable.java:108)
	at org.jboss.netty.util.internal.DeadLockProofWorker$1.run(DeadLockProofWorker.java:42)
	at java.base/java.util.concurrent.ThreadPoolExecutor.runWorker(ThreadPoolExecutor.java:1167)
	at java.base/java.util.concurrent.ThreadPoolExecutor$Worker.run(ThreadPoolExecutor.java:641)
	at java.base/java.lang.Thread.run(Thread.java:844)
[2019-06-07 01:52:02,431][WARN ][http.netty               ] [node-1] Caught exception while handling client http traffic, closing connection [id: 0xdb696f47, /127.0.0.1:4510 => /127.0.0.1:9200]
java.io.IOException: РЈРґР°Р»РµРЅРЅС‹Р№ С…РѕСЃС‚ РїСЂРёРЅСѓРґРёС‚РµР»СЊРЅРѕ СЂР°Р·РѕСЂРІР°Р» СЃСѓС‰РµСЃС‚РІСѓСЋС‰РµРµ РїРѕРґРєР»СЋС‡РµРЅРёРµ
	at java.base/sun.nio.ch.SocketDispatcher.read0(Native Method)
	at java.base/sun.nio.ch.SocketDispatcher.read(SocketDispatcher.java:43)
	at java.base/sun.nio.ch.IOUtil.readIntoNativeBuffer(IOUtil.java:223)
	at java.base/sun.nio.ch.IOUtil.read(IOUtil.java:192)
	at java.base/sun.nio.ch.SocketChannelImpl.read(SocketChannelImpl.java:382)
	at org.jboss.netty.channel.socket.nio.NioWorker.read(NioWorker.java:64)
	at org.jboss.netty.channel.socket.nio.AbstractNioWorker.process(AbstractNioWorker.java:108)
	at org.jboss.netty.channel.socket.nio.AbstractNioSelector.run(AbstractNioSelector.java:337)
	at org.jboss.netty.channel.socket.nio.AbstractNioWorker.run(AbstractNioWorker.java:89)
	at org.jboss.netty.channel.socket.nio.NioWorker.run(NioWorker.java:178)
	at org.jboss.netty.util.ThreadRenamingRunnable.run(ThreadRenamingRunnable.java:108)
	at org.jboss.netty.util.internal.DeadLockProofWorker$1.run(DeadLockProofWorker.java:42)
	at java.base/java.util.concurrent.ThreadPoolExecutor.runWorker(ThreadPoolExecutor.java:1167)
	at java.base/java.util.concurrent.ThreadPoolExecutor$Worker.run(ThreadPoolExecutor.java:641)
	at java.base/java.lang.Thread.run(Thread.java:844)
[2019-06-07 01:53:17,530][WARN ][http.netty               ] [node-1] Caught exception while handling client http traffic, closing connection [id: 0xcf127783, /127.0.0.1:4511 => /127.0.0.1:9200]
java.io.IOException: РЈРґР°Р»РµРЅРЅС‹Р№ С…РѕСЃС‚ РїСЂРёРЅСѓРґРёС‚РµР»СЊРЅРѕ СЂР°Р·РѕСЂРІР°Р» СЃСѓС‰РµСЃС‚РІСѓСЋС‰РµРµ РїРѕРґРєР»СЋС‡РµРЅРёРµ
	at java.base/sun.nio.ch.SocketDispatcher.read0(Native Method)
	at java.base/sun.nio.ch.SocketDispatcher.read(SocketDispatcher.java:43)
	at java.base/sun.nio.ch.IOUtil.readIntoNativeBuffer(IOUtil.java:223)
	at java.base/sun.nio.ch.IOUtil.read(IOUtil.java:192)
	at java.base/sun.nio.ch.SocketChannelImpl.read(SocketChannelImpl.java:382)
	at org.jboss.netty.channel.socket.nio.NioWorker.read(NioWorker.java:64)
	at org.jboss.netty.channel.socket.nio.AbstractNioWorker.process(AbstractNioWorker.java:108)
	at org.jboss.netty.channel.socket.nio.AbstractNioSelector.run(AbstractNioSelector.java:337)
	at org.jboss.netty.channel.socket.nio.AbstractNioWorker.run(AbstractNioWorker.java:89)
	at org.jboss.netty.channel.socket.nio.NioWorker.run(NioWorker.java:178)
	at org.jboss.netty.util.ThreadRenamingRunnable.run(ThreadRenamingRunnable.java:108)
	at org.jboss.netty.util.internal.DeadLockProofWorker$1.run(DeadLockProofWorker.java:42)
	at java.base/java.util.concurrent.ThreadPoolExecutor.runWorker(ThreadPoolExecutor.java:1167)
	at java.base/java.util.concurrent.ThreadPoolExecutor$Worker.run(ThreadPoolExecutor.java:641)
	at java.base/java.lang.Thread.run(Thread.java:844)
[2019-06-07 01:55:59,390][WARN ][http.netty               ] [node-1] Caught exception while handling client http traffic, closing connection [id: 0xf59698a4, /127.0.0.1:4517 => /127.0.0.1:9200]
java.io.IOException: РЈРґР°Р»РµРЅРЅС‹Р№ С…РѕСЃС‚ РїСЂРёРЅСѓРґРёС‚РµР»СЊРЅРѕ СЂР°Р·РѕСЂРІР°Р» СЃСѓС‰РµСЃС‚РІСѓСЋС‰РµРµ РїРѕРґРєР»СЋС‡РµРЅРёРµ
	at java.base/sun.nio.ch.SocketDispatcher.read0(Native Method)
	at java.base/sun.nio.ch.SocketDispatcher.read(SocketDispatcher.java:43)
	at java.base/sun.nio.ch.IOUtil.readIntoNativeBuffer(IOUtil.java:223)
	at java.base/sun.nio.ch.IOUtil.read(IOUtil.java:192)
	at java.base/sun.nio.ch.SocketChannelImpl.read(SocketChannelImpl.java:382)
	at org.jboss.netty.channel.socket.nio.NioWorker.read(NioWorker.java:64)
	at org.jboss.netty.channel.socket.nio.AbstractNioWorker.process(AbstractNioWorker.java:108)
	at org.jboss.netty.channel.socket.nio.AbstractNioSelector.run(AbstractNioSelector.java:337)
	at org.jboss.netty.channel.socket.nio.AbstractNioWorker.run(AbstractNioWorker.java:89)
	at org.jboss.netty.channel.socket.nio.NioWorker.run(NioWorker.java:178)
	at org.jboss.netty.util.ThreadRenamingRunnable.run(ThreadRenamingRunnable.java:108)
	at org.jboss.netty.util.internal.DeadLockProofWorker$1.run(DeadLockProofWorker.java:42)
	at java.base/java.util.concurrent.ThreadPoolExecutor.runWorker(ThreadPoolExecutor.java:1167)
	at java.base/java.util.concurrent.ThreadPoolExecutor$Worker.run(ThreadPoolExecutor.java:641)
	at java.base/java.lang.Thread.run(Thread.java:844)
[2019-06-09 03:52:29,498][INFO ][node                     ] [node-1] stopping ...
[2019-06-09 03:52:32,999][INFO ][node                     ] [node-1] stopped
[2019-06-09 03:52:32,999][INFO ][node                     ] [node-1] closing ...
[2019-06-09 03:52:33,312][INFO ][node                     ] [node-1] closed
