[2019-06-06 12:32:04] [info]  [17576] Commons Daemon procrun (1.0.15.0 64-bit) started
[2019-06-06 12:32:04] [info]  [17576] Service elasticsearch-service-x64 name Elasticsearch 2.4.6 (elasticsearch-service-x64)
[2019-06-06 12:32:05] [info]  [17576] Service 'elasticsearch-service-x64' installed
[2019-06-06 12:32:05] [info]  [17576] Commons Daemon procrun finished
[2019-06-06 12:47:52] [info]  [11080] Commons Daemon procrun (1.0.15.0 64-bit) started
[2019-06-06 12:47:52] [info]  [11080] Running 'elasticsearch-service-x64' Service...
[2019-06-06 12:47:52] [info]  [  588] Starting service...
[2019-06-06 12:47:54] [info]  [  588] Service started in 1506 ms.
[2019-06-06 12:49:32] [info]  [17172] Stopping service...
[2019-06-06 12:49:32] [info]  [11080] Run service finished.
[2019-06-06 12:49:32] [info]  [11080] Commons Daemon procrun finished
[2019-06-06 12:49:37] [info]  [17292] Commons Daemon procrun (1.0.15.0 64-bit) started
[2019-06-06 12:49:37] [info]  [17292] Running 'elasticsearch-service-x64' Service...
[2019-06-06 12:49:37] [info]  [18680] Starting service...
[2019-06-06 12:49:39] [info]  [18680] Service started in 1279 ms.
[2019-06-06 23:55:08] [info]  [ 5136] Stopping service...
[2019-06-06 23:55:09] [info]  [ 5136] Service stop thread completed.
[2019-06-06 23:55:09] [info]  [17292] Run service finished.
[2019-06-06 23:55:09] [info]  [17292] Commons Daemon procrun finished
[2019-06-06 23:55:37] [info]  [10764] Commons Daemon procrun (1.0.15.0 64-bit) started
[2019-06-06 23:55:37] [info]  [10764] Running 'elasticsearch-service-x64' Service...
[2019-06-06 23:55:37] [info]  [ 5040] Starting service...
[2019-06-06 23:55:38] [info]  [ 5040] Service started in 1336 ms.
[2019-06-09 03:52:29] [info]  [11792] Stopping service...
[2019-06-09 03:52:33] [info]  [11792] Service stop thread completed.
[2019-06-09 03:52:33] [info]  [10764] Run service finished.
[2019-06-09 03:52:33] [info]  [10764] Commons Daemon procrun finished
